Copyright 1986-2018 Xilinx, Inc. All Rights Reserved.
------------------------------------------------------------------------------------------
| Tool Version : Vivado v.2018.2 (win64) Build 2258646 Thu Jun 14 20:03:12 MDT 2018
| Date         : Sun May 12 17:15:35 2019
| Host         : NVS1 running 64-bit major release  (build 9200)
| Command      : report_control_sets -verbose -file Overkoepelend_control_sets_placed.rpt
| Design       : Overkoepelend
| Device       : xc7a100t
------------------------------------------------------------------------------------------

Control Set Information

Table of Contents
-----------------
1. Summary
2. Histogram
3. Flip-Flop Distribution
4. Detailed Control Set Information

1. Summary
----------

+----------------------------------------------------------+-------+
|                          Status                          | Count |
+----------------------------------------------------------+-------+
| Number of unique control sets                            |     4 |
| Unused register locations in slices containing registers |    10 |
+----------------------------------------------------------+-------+


2. Histogram
------------

+--------+--------------+
| Fanout | Control Sets |
+--------+--------------+
|      6 |            1 |
|    16+ |            3 |
+--------+--------------+


3. Flip-Flop Distribution
-------------------------

+--------------+-----------------------+------------------------+-----------------+--------------+
| Clock Enable | Synchronous Set/Reset | Asynchronous Set/Reset | Total Registers | Total Slices |
+--------------+-----------------------+------------------------+-----------------+--------------+
| No           | No                    | No                     |               6 |            3 |
| No           | No                    | Yes                    |               0 |            0 |
| No           | Yes                   | No                     |              20 |            3 |
| Yes          | No                    | No                     |             120 |           18 |
| Yes          | No                    | Yes                    |               0 |            0 |
| Yes          | Yes                   | No                     |              20 |            3 |
+--------------+-----------------------+------------------------+-----------------+--------------+


4. Detailed Control Set Information
-----------------------------------

+-----------------------+-------------------------+-------------------------+------------------+----------------+
|      Clock Signal     |      Enable Signal      |     Set/Reset Signal    | Slice Load Count | Bel Load Count |
+-----------------------+-------------------------+-------------------------+------------------+----------------+
|  Klokje/inst/clk_out1 |                         |                         |                3 |              6 |
|  Klokje/inst/clk_out1 |                         | teller/h_cnt[9]_i_1_n_0 |                3 |             20 |
|  Klokje/inst/clk_out1 | teller/h_cnt[9]_i_1_n_0 | teller/v_cnt[9]_i_1_n_0 |                3 |             20 |
|  Klokje/inst/clk_out1 | teller/new_frame        |                         |               18 |            120 |
+-----------------------+-------------------------+-------------------------+------------------+----------------+


